<?xml version="1.0" encoding="UTF-8"?>
<testsuite xmlns:xsi="http://www.w3.org/2001/XMLSchema-instance" xsi:noNamespaceSchemaLocation="https://maven.apache.org/surefire/maven-surefire-plugin/xsd/surefire-test-report-3.0.xsd" version="3.0" name="servlet.CartTest" time="11.471" tests="5" errors="0" skipped="0" failures="0">
  <properties>
    <property name="java.specification.version" value="17"/>
    <property name="sun.cpu.isalist" value="amd64"/>
    <property name="sun.jnu.encoding" value="Cp1252"/>
    <property name="java.class.path" value="C:\Users\jordi\eclipse-workspace\OneboxTest\target\test-classes;C:\Users\jordi\eclipse-workspace\OneboxTest\target\classes;C:\Users\jordi\.m2\repository\org\junit\jupiter\junit-jupiter-api\5.9.2\junit-jupiter-api-5.9.2.jar;C:\Users\jordi\.m2\repository\org\opentest4j\opentest4j\1.2.0\opentest4j-1.2.0.jar;C:\Users\jordi\.m2\repository\org\junit\platform\junit-platform-commons\1.9.2\junit-platform-commons-1.9.2.jar;C:\Users\jordi\.m2\repository\org\apiguardian\apiguardian-api\1.1.2\apiguardian-api-1.1.2.jar;C:\Users\jordi\.m2\repository\org\junit\jupiter\junit-jupiter-engine\5.9.2\junit-jupiter-engine-5.9.2.jar;C:\Users\jordi\.m2\repository\org\junit\platform\junit-platform-engine\1.9.2\junit-platform-engine-1.9.2.jar;C:\Users\jordi\.m2\repository\org\mockito\mockito-core\3.11.2\mockito-core-3.11.2.jar;C:\Users\jordi\.m2\repository\net\bytebuddy\byte-buddy\1.11.3\byte-buddy-1.11.3.jar;C:\Users\jordi\.m2\repository\net\bytebuddy\byte-buddy-agent\1.11.3\byte-buddy-agent-1.11.3.jar;C:\Users\jordi\.m2\repository\org\objenesis\objenesis\3.2\objenesis-3.2.jar;C:\Users\jordi\.m2\repository\org\mockito\mockito-junit-jupiter\3.11.2\mockito-junit-jupiter-3.11.2.jar;C:\Users\jordi\.m2\repository\javax\servlet\javax.servlet-api\4.0.1\javax.servlet-api-4.0.1.jar;"/>
    <property name="java.vm.vendor" value="Oracle Corporation"/>
    <property name="sun.arch.data.model" value="64"/>
    <property name="user.variant" value=""/>
    <property name="java.vendor.url" value="https://java.oracle.com/"/>
    <property name="user.timezone" value="Europe/Madrid"/>
    <property name="os.name" value="Windows 10"/>
    <property name="java.vm.specification.version" value="17"/>
    <property name="sun.java.launcher" value="SUN_STANDARD"/>
    <property name="user.country" value="ES"/>
    <property name="sun.boot.library.path" value="C:\variables del sistema\java\jdk-17.0.0.1\bin"/>
    <property name="sun.java.command" value="C:\Users\jordi\AppData\Local\Temp\surefire11428350822273459958\surefirebooter-20250217215930862_3.jar C:\Users\jordi\AppData\Local\Temp\surefire11428350822273459958 2025-02-17T21-59-30_753-jvmRun1 surefire-20250217215930862_1tmp surefire_0-20250217215930862_2tmp"/>
    <property name="jdk.debug" value="release"/>
    <property name="surefire.test.class.path" value="C:\Users\jordi\eclipse-workspace\OneboxTest\target\test-classes;C:\Users\jordi\eclipse-workspace\OneboxTest\target\classes;C:\Users\jordi\.m2\repository\org\junit\jupiter\junit-jupiter-api\5.9.2\junit-jupiter-api-5.9.2.jar;C:\Users\jordi\.m2\repository\org\opentest4j\opentest4j\1.2.0\opentest4j-1.2.0.jar;C:\Users\jordi\.m2\repository\org\junit\platform\junit-platform-commons\1.9.2\junit-platform-commons-1.9.2.jar;C:\Users\jordi\.m2\repository\org\apiguardian\apiguardian-api\1.1.2\apiguardian-api-1.1.2.jar;C:\Users\jordi\.m2\repository\org\junit\jupiter\junit-jupiter-engine\5.9.2\junit-jupiter-engine-5.9.2.jar;C:\Users\jordi\.m2\repository\org\junit\platform\junit-platform-engine\1.9.2\junit-platform-engine-1.9.2.jar;C:\Users\jordi\.m2\repository\org\mockito\mockito-core\3.11.2\mockito-core-3.11.2.jar;C:\Users\jordi\.m2\repository\net\bytebuddy\byte-buddy\1.11.3\byte-buddy-1.11.3.jar;C:\Users\jordi\.m2\repository\net\bytebuddy\byte-buddy-agent\1.11.3\byte-buddy-agent-1.11.3.jar;C:\Users\jordi\.m2\repository\org\objenesis\objenesis\3.2\objenesis-3.2.jar;C:\Users\jordi\.m2\repository\org\mockito\mockito-junit-jupiter\3.11.2\mockito-junit-jupiter-3.11.2.jar;C:\Users\jordi\.m2\repository\javax\servlet\javax.servlet-api\4.0.1\javax.servlet-api-4.0.1.jar;"/>
    <property name="sun.cpu.endian" value="little"/>
    <property name="user.home" value="C:\Users\jordi"/>
    <property name="user.language" value="es"/>
    <property name="java.specification.vendor" value="Oracle Corporation"/>
    <property name="java.version.date" value="2024-07-02"/>
    <property name="java.home" value="C:\variables del sistema\java\jdk-17.0.0.1"/>
    <property name="file.separator" value="\"/>
    <property name="basedir" value="C:\Users\jordi\eclipse-workspace\OneboxTest"/>
    <property name="java.vm.compressedOopsMode" value="Zero based"/>
    <property name="line.separator" value="&#10;"/>
    <property name="java.vm.specification.vendor" value="Oracle Corporation"/>
    <property name="java.specification.name" value="Java Platform API Specification"/>
    <property name="surefire.real.class.path" value="C:\Users\jordi\AppData\Local\Temp\surefire11428350822273459958\surefirebooter-20250217215930862_3.jar"/>
    <property name="user.script" value=""/>
    <property name="sun.management.compiler" value="HotSpot 64-Bit Tiered Compilers"/>
    <property name="java.runtime.version" value="17.0.0.1+2-3"/>
    <property name="user.name" value="ORDENADOR"/>
    <property name="path.separator" value=";"/>
    <property name="os.version" value="10.0"/>
    <property name="java.runtime.name" value="OpenJDK Runtime Environment"/>
    <property name="file.encoding" value="Cp1252"/>
    <property name="java.vm.name" value="OpenJDK 64-Bit Server VM"/>
    <property name="localRepository" value="C:\Users\jordi\.m2\repository"/>
    <property name="java.vendor.url.bug" value="https://bugreport.java.com/bugreport/"/>
    <property name="java.io.tmpdir" value="C:\Users\jordi\AppData\Local\Temp\"/>
    <property name="java.version" value="17.0.0.1"/>
    <property name="user.dir" value="C:\Users\jordi\eclipse-workspace\OneboxTest"/>
    <property name="os.arch" value="amd64"/>
    <property name="java.vm.specification.name" value="Java Virtual Machine Specification"/>
    <property name="sun.os.patch.level" value=""/>
    <property name="native.encoding" value="Cp1252"/>
    <property name="java.library.path" value="C:\variables del sistema\java\jdk-17.0.0.1\bin;C:\WINDOWS\Sun\Java\bin;C:\WINDOWS\system32;C:\WINDOWS;C:\WINDOWS\system32;C:\WINDOWS;C:\WINDOWS\System32\Wbem;C:\WINDOWS\System32\WindowsPowerShell\v1.0\;C:\WINDOWS\System32\OpenSSH\;C:\Program Files\Microsoft VS Code\bin;C:\Program Files\NVIDIA Corporation\NVIDIA NvDLISR;C:\Program Files (x86)\NVIDIA Corporation\PhysX\Common;C:\Program Files\dotnet\;C:\variables del sistema\java\jdk-17.0.0.1\bin;C:\variables del sistema\MVN\apache-maven-3.9.9\bin;C:\Users\jordi\AppData\Local\Microsoft\WindowsApps;C:\Users\jordi\.dotnet\tools;."/>
    <property name="java.vm.info" value="mixed mode, sharing"/>
    <property name="java.vendor" value="Oracle Corporation"/>
    <property name="java.vm.version" value="17.0.0.1+2-3"/>
    <property name="java.specification.maintenance.version" value="1"/>
    <property name="sun.io.unicode.encoding" value="UnicodeLittle"/>
    <property name="java.class.version" value="61.0"/>
  </properties>
  <testcase name="testServletListProducts" classname="servlet.CartTest" time="0.429"/>
  <testcase name="testProductAutoRemovalAfterCountdown" classname="servlet.CartTest" time="11.013">
    <system-out><![CDATA[Petition with ID: 1 was deleted for inactivity.
Petition with ID: 1 was deleted for inactivity.
]]></system-out>
  </testcase>
  <testcase name="testServletAddProduct" classname="servlet.CartTest" time="0.003"/>
  <testcase name="testServletRemoveProduct" classname="servlet.CartTest" time="0.003"/>
  <testcase name="testServletFindProductById" classname="servlet.CartTest" time="0.002"/>
</testsuite>